<?xml version="1.0" encoding="UTF-8"?>
<!-- Generated by org.testng.reporters.JUnitXMLReporter -->
<testsuite ignored="0" hostname="VNCP-Lap" failures="1" tests="3" name="Login Test" time="83.039" errors="0" timestamp="2022-12-15T20:45:30 GMT">
  <testcase classname="uk.co.library.testsuite.JobSearchTest" name="verifyJobSearchResultUsingDifferentDataSet" time="1.866"/>
  <testcase classname="uk.co.library.testsuite.JobSearchTest" name="verifyJobSearchResultUsingDifferentDataSet" time="1.623"/>
  <testcase classname="uk.co.library.testsuite.JobSearchTest" name="verifyJobSearchResultUsingDifferentDataSet" time="41.457">
    <failure type="org.openqa.selenium.NoSuchElementException" message="Cannot locate option with text: Per anuum
For documentation on this error, please visit: https://selenium.dev/exceptions/#no_such_element
Build info: version: &amp;apos;4.6.0&amp;apos;, revision: &amp;apos;79f1c02ae20&amp;apos;
System info: os.name: &amp;apos;Windows 10&amp;apos;, os.arch: &amp;apos;amd64&amp;apos;, os.version: &amp;apos;10.0&amp;apos;, java.version: &amp;apos;11.0.13&amp;apos;
Driver info: driver.version: unknown">
      <![CDATA[org.openqa.selenium.NoSuchElementException: Cannot locate option with text: Per anuum
For documentation on this error, please visit: https://selenium.dev/exceptions/#no_such_element
Build info: version: '4.6.0', revision: '79f1c02ae20'
System info: os.name: 'Windows 10', os.arch: 'amd64', os.version: '10.0', java.version: '11.0.13'
Driver info: driver.version: unknown
at org.openqa.selenium.support.ui.Select.selectByVisibleText(Select.java:153)
at uk.co.library.utility.Utility.selectByVisibleTextFromDropDown(Utility.java:146)
at uk.co.library.page.HomePage.selectSalaryType(HomePage.java:99)
at uk.co.library.testsuite.JobSearchTest.verifyJobSearchResultUsingDifferentDataSet(JobSearchTest.java:30)
at java.base/java.util.ArrayList.forEach(ArrayList.java:1541)
at com.intellij.rt.testng.IDEARemoteTestNG.run(IDEARemoteTestNG.java:66)
at com.intellij.rt.testng.RemoteTestNGStarter.main(RemoteTestNGStarter.java:109)
... Removed 24 stack frames]]>
    </failure>
  </testcase> <!-- verifyJobSearchResultUsingDifferentDataSet -->
</testsuite> <!-- Login Test -->
