<html>
<head>
<title>TestNG:  Login Test</title>
<link href="../testng.css" rel="stylesheet" type="text/css" />
<link href="../my-testng.css" rel="stylesheet" type="text/css" />

<style type="text/css">
.log { display: none;} 
.stack-trace { display: none;} 
</style>
<script type="text/javascript">
<!--
function flip(e) {
  current = e.style.display;
  if (current == 'block') {
    e.style.display = 'none';
    return 0;
  }
  else {
    e.style.display = 'block';
    return 1;
  }
}

function toggleBox(szDivId, elem, msg1, msg2)
{
  var res = -1;  if (document.getElementById) {
    res = flip(document.getElementById(szDivId));
  }
  else if (document.all) {
    // this is the way old msie versions work
    res = flip(document.all[szDivId]);
  }
  if(elem) {
    if(res == 0) elem.innerHTML = msg1; else elem.innerHTML = msg2;
  }

}

function toggleAllBoxes() {
  if (document.getElementsByTagName) {
    d = document.getElementsByTagName('div');
    for (i = 0; i < d.length; i++) {
      if (d[i].className == 'log') {
        flip(d[i]);
      }
    }
  }
}

// -->
</script>

</head>
<body>
<h2 align='center'>Login Test</h2><table border='1' align="center">
<tr>
<td>Tests passed/Failed/Skipped:</td><td>2/1/0</td>
</tr><tr>
<td>Started on:</td><td>Thu Dec 15 20:44:06 GMT 2022</td>
</tr>
<tr><td>Total time:</td><td>83 seconds (83039 ms)</td>
</tr><tr>
<td>Included groups:</td><td></td>
</tr><tr>
<td>Excluded groups:</td><td></td>
</tr>
</table><p/>
<small><i>(Hover the method name to see the test class name)</i></small><p/>
<table width='100%' border='1' class='invocation-failed'>
<tr><td colspan='4' align='center'><b>FAILED TESTS</b></td></tr>
<tr><td><b>Test method</b></td>
<td width="30%"><b>Exception</b></td>
<td width="10%"><b>Time (seconds)</b></td>
<td><b>Instance</b></td>
</tr>
<tr>
<td title='uk.co.library.testsuite.JobSearchTest.verifyJobSearchResultUsingDifferentDataSet()'><b>verifyJobSearchResultUsingDifferentDataSet</b><br>Test class: uk.co.library.testsuite.JobSearchTest<br>Parameters: Tester, London, up to 2 miles, 30000, 200000, Per anuum, Permanent, Permanent Tester jobs in London<br/>
<a href="#Output-1786077314" onClick='toggleBox("Output-1786077314", this, "Show output", "Hide output");'>Show output</a>

<a href="#Output-1786077314" onClick="toggleAllBoxes();">Show all outputs</a>
<div class='log' id="Output-1786077314">
jobTitleTester<br/>
locationLondon<br/>
Select distance [[ChromeDriver: chrome on WINDOWS (6ab0ef587f6e4c116bff13d717df2c67)] -> id: distance]<br/>
Click on more search option link [[ChromeDriver: chrome on WINDOWS (6ab0ef587f6e4c116bff13d717df2c67)] -> id: toggle-hp-search]<br/>
Enter minimum salary [[ChromeDriver: chrome on WINDOWS (6ab0ef587f6e4c116bff13d717df2c67)] -> id: salarymin]<br/>
Enter maximum salary[[ChromeDriver: chrome on WINDOWS (6ab0ef587f6e4c116bff13d717df2c67)] -> id: salarymin]<br/>
Select salary Type[[ChromeDriver: chrome on WINDOWS (6ab0ef587f6e4c116bff13d717df2c67)] -> id: salarytype]<br/>
Click to see screenshot<br/>
<a target = "_blank" href=C:\Users\Nimisha\cv-library-uk-week15_NimishaPatel/test-output/html/verifyJobSearchResultUsingDifferentDataSetThu_Dec_15_20_45_27_GMT_2022.jpg>Screenshot</a><br/>
<br><br/>
Click to see screenshot<br/>
<a target = "_blank" href=C:\Users\Nimisha\cv-library-uk-week15_NimishaPatel/test-output/html/verifyJobSearchResultUsingDifferentDataSetThu_Dec_15_20_45_27_GMT_2022.jpg>Screenshot</a><br/>
<br><br/>
</div>
</td>
<td><div><pre>org.openqa.selenium.NoSuchElementException: Cannot locate option with text: Per anuum
For documentation on this error, please visit: https://selenium.dev/exceptions/#no_such_element
Build info: version: &apos;4.6.0&apos;, revision: &apos;79f1c02ae20&apos;
System info: os.name: &apos;Windows 10&apos;, os.arch: &apos;amd64&apos;, os.version: &apos;10.0&apos;, java.version: &apos;11.0.13&apos;
Driver info: driver.version: unknown
	at org.openqa.selenium.support.ui.Select.selectByVisibleText(Select.java:153)
	at uk.co.library.utility.Utility.selectByVisibleTextFromDropDown(Utility.java:146)
	at uk.co.library.page.HomePage.selectSalaryType(HomePage.java:99)
	at uk.co.library.testsuite.JobSearchTest.verifyJobSearchResultUsingDifferentDataSet(JobSearchTest.java:30)
	at java.base/java.util.ArrayList.forEach(ArrayList.java:1541)
	at com.intellij.rt.testng.IDEARemoteTestNG.run(IDEARemoteTestNG.java:66)
	at com.intellij.rt.testng.RemoteTestNGStarter.main(RemoteTestNGStarter.java:109)
... Removed 24 stack frames</pre></div><a href='#' onClick='toggleBox("stack-trace1786077314", this, "Click to show all stack frames", "Click to hide stack frames")'>Click to show all stack frames</a>
<div class='stack-trace' id='stack-trace1786077314'><pre>org.openqa.selenium.NoSuchElementException: Cannot locate option with text: Per anuum
For documentation on this error, please visit: https://selenium.dev/exceptions/#no_such_element
Build info: version: &apos;4.6.0&apos;, revision: &apos;79f1c02ae20&apos;
System info: os.name: &apos;Windows 10&apos;, os.arch: &apos;amd64&apos;, os.version: &apos;10.0&apos;, java.version: &apos;11.0.13&apos;
Driver info: driver.version: unknown
	at org.openqa.selenium.support.ui.Select.selectByVisibleText(Select.java:153)
	at uk.co.library.utility.Utility.selectByVisibleTextFromDropDown(Utility.java:146)
	at uk.co.library.page.HomePage.selectSalaryType(HomePage.java:99)
	at uk.co.library.testsuite.JobSearchTest.verifyJobSearchResultUsingDifferentDataSet(JobSearchTest.java:30)
	at java.base/jdk.internal.reflect.NativeMethodAccessorImpl.invoke0(Native Method)
	at java.base/jdk.internal.reflect.NativeMethodAccessorImpl.invoke(NativeMethodAccessorImpl.java:62)
	at java.base/jdk.internal.reflect.DelegatingMethodAccessorImpl.invoke(DelegatingMethodAccessorImpl.java:43)
	at java.base/java.lang.reflect.Method.invoke(Method.java:566)
	at org.testng.internal.invokers.MethodInvocationHelper.invokeMethod(MethodInvocationHelper.java:135)
	at org.testng.internal.invokers.TestInvoker.invokeMethod(TestInvoker.java:673)
	at org.testng.internal.invokers.TestInvoker.invokeTestMethod(TestInvoker.java:220)
	at org.testng.internal.invokers.MethodRunner.runInSequence(MethodRunner.java:50)
	at org.testng.internal.invokers.TestInvoker$MethodInvocationAgent.invoke(TestInvoker.java:945)
	at org.testng.internal.invokers.TestInvoker.invokeTestMethods(TestInvoker.java:193)
	at org.testng.internal.invokers.TestMethodWorker.invokeTestMethods(TestMethodWorker.java:146)
	at org.testng.internal.invokers.TestMethodWorker.run(TestMethodWorker.java:128)
	at java.base/java.util.ArrayList.forEach(ArrayList.java:1541)
	at org.testng.TestRunner.privateRun(TestRunner.java:808)
	at org.testng.TestRunner.run(TestRunner.java:603)
	at org.testng.SuiteRunner.runTest(SuiteRunner.java:429)
	at org.testng.SuiteRunner.runSequentially(SuiteRunner.java:423)
	at org.testng.SuiteRunner.privateRun(SuiteRunner.java:383)
	at org.testng.SuiteRunner.run(SuiteRunner.java:326)
	at org.testng.SuiteRunnerWorker.runSuite(SuiteRunnerWorker.java:52)
	at org.testng.SuiteRunnerWorker.run(SuiteRunnerWorker.java:95)
	at org.testng.TestNG.runSuitesSequentially(TestNG.java:1249)
	at org.testng.TestNG.runSuitesLocally(TestNG.java:1169)
	at org.testng.TestNG.runSuites(TestNG.java:1092)
	at org.testng.TestNG.run(TestNG.java:1060)
	at com.intellij.rt.testng.IDEARemoteTestNG.run(IDEARemoteTestNG.java:66)
	at com.intellij.rt.testng.RemoteTestNGStarter.main(RemoteTestNGStarter.java:109)
</pre></div></td>
<td>41</td>
<td>uk.co.library.testsuite.JobSearchTest@7133da86</td></tr>
</table><p>
<table width='100%' border='1' class='invocation-passed'>
<tr><td colspan='4' align='center'><b>PASSED TESTS</b></td></tr>
<tr><td><b>Test method</b></td>
<td width="30%"><b>Exception</b></td>
<td width="10%"><b>Time (seconds)</b></td>
<td><b>Instance</b></td>
</tr>
<tr>
<td title='uk.co.library.testsuite.JobSearchTest.verifyJobSearchResultUsingDifferentDataSet()'><b>verifyJobSearchResultUsingDifferentDataSet</b><br>Test class: uk.co.library.testsuite.JobSearchTest<br>Parameters: Tester, Harrow, up to 5 miles, 30000, 500000, Per annum, Permanent, Permanent Tester jobs in Harrow on the Hill<br/>
<a href="#Output-1254649194" onClick='toggleBox("Output-1254649194", this, "Show output", "Hide output");'>Show output</a>

<a href="#Output-1254649194" onClick="toggleAllBoxes();">Show all outputs</a>
<div class='log' id="Output-1254649194">
jobTitleTester<br/>
locationHarrow<br/>
Select distance [[ChromeDriver: chrome on WINDOWS (39bf02566035f79642b3ec3e87a9250d)] -> id: distance]<br/>
Click on more search option link [[ChromeDriver: chrome on WINDOWS (39bf02566035f79642b3ec3e87a9250d)] -> id: toggle-hp-search]<br/>
Enter minimum salary [[ChromeDriver: chrome on WINDOWS (39bf02566035f79642b3ec3e87a9250d)] -> id: salarymin]<br/>
Enter maximum salary[[ChromeDriver: chrome on WINDOWS (39bf02566035f79642b3ec3e87a9250d)] -> id: salarymin]<br/>
Select salary Type[[ChromeDriver: chrome on WINDOWS (39bf02566035f79642b3ec3e87a9250d)] -> id: salarytype]<br/>
Click on find job search button<br/>
Click to see screenshot<br/>
<a target = "_blank" href=C:\Users\Nimisha\cv-library-uk-week15_NimishaPatel/test-output/html/verifyJobSearchResultUsingDifferentDataSetThu_Dec_15_20_44_26_GMT_2022.jpg>Screenshot</a><br/>
<br><br/>
Click to see screenshot<br/>
<a target = "_blank" href=C:\Users\Nimisha\cv-library-uk-week15_NimishaPatel/test-output/html/verifyJobSearchResultUsingDifferentDataSetThu_Dec_15_20_44_26_GMT_2022.jpg>Screenshot</a><br/>
<br><br/>
</div>
</td>
<td></td>
<td>1</td>
<td>uk.co.library.testsuite.JobSearchTest@7133da86</td></tr>
<tr>
<td title='uk.co.library.testsuite.JobSearchTest.verifyJobSearchResultUsingDifferentDataSet()'><b>verifyJobSearchResultUsingDifferentDataSet</b><br>Test class: uk.co.library.testsuite.JobSearchTest<br>Parameters: Tester, Telford, up to 10 miles, 20000, 400000, Per annum, Permanent, Permanent Tester jobs in Telford<br/>
<a href="#Output-1115349385" onClick='toggleBox("Output-1115349385", this, "Show output", "Hide output");'>Show output</a>

<a href="#Output-1115349385" onClick="toggleAllBoxes();">Show all outputs</a>
<div class='log' id="Output-1115349385">
jobTitleTester<br/>
locationTelford<br/>
Select distance [[ChromeDriver: chrome on WINDOWS (aff5a4b0078330814316c95fd8fa21a8)] -> id: distance]<br/>
Click on more search option link [[ChromeDriver: chrome on WINDOWS (aff5a4b0078330814316c95fd8fa21a8)] -> id: toggle-hp-search]<br/>
Enter minimum salary [[ChromeDriver: chrome on WINDOWS (aff5a4b0078330814316c95fd8fa21a8)] -> id: salarymin]<br/>
Enter maximum salary[[ChromeDriver: chrome on WINDOWS (aff5a4b0078330814316c95fd8fa21a8)] -> id: salarymin]<br/>
Select salary Type[[ChromeDriver: chrome on WINDOWS (aff5a4b0078330814316c95fd8fa21a8)] -> id: salarytype]<br/>
Click on find job search button<br/>
Click to see screenshot<br/>
<a target = "_blank" href=C:\Users\Nimisha\cv-library-uk-week15_NimishaPatel/test-output/html/verifyJobSearchResultUsingDifferentDataSetThu_Dec_15_20_44_38_GMT_2022.jpg>Screenshot</a><br/>
<br><br/>
Click to see screenshot<br/>
<a target = "_blank" href=C:\Users\Nimisha\cv-library-uk-week15_NimishaPatel/test-output/html/verifyJobSearchResultUsingDifferentDataSetThu_Dec_15_20_44_38_GMT_2022.jpg>Screenshot</a><br/>
<br><br/>
</div>
</td>
<td></td>
<td>1</td>
<td>uk.co.library.testsuite.JobSearchTest@7133da86</td></tr>
</table><p>
</body>
</html>